INFO: [HLS 200-0] Workspace /home/usman/Desktop/LSTM_HLS/position/solution1 opened at Fri Jul 13 04:35:00 CEST 2018
Execute     config_clock -quiet -name default -period 10 -default=false 
INFO: [SYN 201-201] Setting up clock 'default' with a period of 10ns.
Command     config_clock returned 0; 0 sec.
Execute     open_platform DefaultPlatform 
Command     open_platform returned 0; 0 sec.
Execute     import_lib /tools/xilinx/Vivado/2017.4/common/technology/xilinx/virtexuplus/virtexuplus 
Execute       source /tools/xilinx/Vivado/2017.4/common/technology/xilinx/common/xilinx.lib 
Execute         source /tools/xilinx/Vivado/2017.4/common/technology/xilinx/interface/xilinx_interface.lib 
Execute           source /tools/xilinx/Vivado/2017.4/common/technology/xilinx/interface/plb46.lib 
Command           ap_source returned 0; 0 sec.
Execute           source /tools/xilinx/Vivado/2017.4/common/technology/xilinx/interface/fsl.lib 
Command           ap_source returned 0; 0.01 sec.
Execute           source /tools/xilinx/Vivado/2017.4/common/technology/xilinx/interface/axi4.lib 
Command           ap_source returned 0; 0 sec.
Execute           source /tools/xilinx/Vivado/2017.4/common/technology/xilinx/interface/maxi.lib 
Command           ap_source returned 0; 0 sec.
Execute           source /tools/xilinx/Vivado/2017.4/common/technology/xilinx/interface/saxilite.lib 
Command           ap_source returned 0; 0 sec.
Command         ap_source returned 0; 0.01 sec.
Execute         source /tools/xilinx/Vivado/2017.4/common/technology/xilinx/common/dsp48.lib 
Command         ap_source returned 0; 0 sec.
Execute         source /tools/xilinx/Vivado/2017.4/common/technology/xilinx/ip/dds_compiler.lib 
Command         ap_source returned 0; 0 sec.
Execute         source /tools/xilinx/Vivado/2017.4/common/technology/xilinx/ip/xfft.lib 
Command         ap_source returned 0; 0 sec.
Execute         source /tools/xilinx/Vivado/2017.4/common/technology/xilinx/ip/xfir.lib 
Command         ap_source returned 0; 0 sec.
Command       ap_source returned 0; 0.02 sec.
Execute       source /tools/xilinx/Vivado/2017.4/common/technology/xilinx/common/xilinx_old.lib 
Command       ap_source returned 0; 0 sec.
Execute       source /tools/xilinx/Vivado/2017.4/common/technology/xilinx/common/xilinx_vivado.lib 
Command       ap_source returned 0; 0 sec.
Execute       source /tools/xilinx/Vivado/2017.4/common/technology/xilinx/common/xilinx.hlp 
Execute         source /tools/xilinx/Vivado/2017.4/common/technology/xilinx/common/target_info.tcl 
Command         ap_source returned 0; 0 sec.
Execute         source /tools/xilinx/Vivado/2017.4/common/technology/xilinx/interface/xilinx_interface.hlp 
Execute           source /tools/xilinx/Vivado/2017.4/common/technology/xilinx/interface/maxi.hlp 
Command           ap_source returned 0; 0.01 sec.
Execute           source /tools/xilinx/Vivado/2017.4/common/technology/xilinx/interface/saxilite.hlp 
Command           ap_source returned 0; 0 sec.
Command         ap_source returned 0; 0.01 sec.
Execute         source /tools/xilinx/Vivado/2017.4/common/technology/xilinx/common/dsp48.hlp 
Command         ap_source returned 0; 0 sec.
Command       ap_source returned 0; 0.01 sec.
Execute       source /tools/xilinx/Vivado/2017.4/common/technology/xilinx/virtexuplus/dsp48e2.hlp 
Command       ap_source returned 0; 0 sec.
Execute       get_default_platform 
Command       get_default_platform returned 0; 0 sec.
Execute       config_chip_info -quiet -resource  {SLICE 98520}  {LUT 788160}    {FF 1576320} {DSP48E 4560}  {BRAM 2880} {URAM 640}  
Command       config_chip_info returned 0; 0 sec.
Execute       config_chip_info -quiet -speed medium 
Command       config_chip_info returned 0; 0 sec.
Execute       source /tools/xilinx/Vivado/2017.4/common/technology/xilinx/common/xilinx.hlp 
Execute         source /tools/xilinx/Vivado/2017.4/common/technology/xilinx/common/target_info.tcl 
Command         ap_source returned 0; 0 sec.
Execute         source /tools/xilinx/Vivado/2017.4/common/technology/xilinx/interface/xilinx_interface.hlp 
Execute           source /tools/xilinx/Vivado/2017.4/common/technology/xilinx/interface/maxi.hlp 
Command           ap_source returned 0; 0 sec.
Execute           source /tools/xilinx/Vivado/2017.4/common/technology/xilinx/interface/saxilite.hlp 
Command           ap_source returned 0; 0 sec.
Command         ap_source returned 0; 0 sec.
Execute         source /tools/xilinx/Vivado/2017.4/common/technology/xilinx/common/dsp48.hlp 
Command         ap_source returned 0; 0.01 sec.
Command       ap_source returned 0; 0.01 sec.
Command     import_lib returned 0; 0.08 sec.
Execute     source /tools/xilinx/Vivado/2017.4/common/technology/xilinx/virtexuplus/virtexuplus.gen 
Execute       source /tools/xilinx/Vivado/2017.4/common/technology/xilinx/common/virtex.gen 
Execute         source /tools/xilinx/Vivado/2017.4/common/technology/xilinx/common/xilinx.gen 
Execute           source /tools/xilinx/Vivado/2017.4/common/technology/xilinx/interface/plb46.gen 
Command           ap_source returned 0; 0.01 sec.
Execute           source /tools/xilinx/Vivado/2017.4/common/technology/xilinx/interface/fsl.gen 
Command           ap_source returned 0; 0 sec.
Execute           source /tools/xilinx/Vivado/2017.4/common/technology/xilinx/interface/axi4.gen 
Command           ap_source returned 0; 0 sec.
Execute           source /tools/xilinx/Vivado/2017.4/common/technology/xilinx/interface/nativeAXI4.gen 
Execute             source /tools/xilinx/Vivado/2017.4/common/technology/xilinx/interface/saxilite.gen 
Command             ap_source returned 0; 0 sec.
Execute             source /tools/xilinx/Vivado/2017.4/common/technology/xilinx/interface/maxi.gen 
Command             ap_source returned 0; 0.02 sec.
Command           ap_source returned 0; 0.03 sec.
Execute           source /tools/xilinx/Vivado/2017.4/common/technology/xilinx/scripts/xilinxcoregen.gen 
Command           ap_source returned 0; 0.01 sec.
Execute           source /tools/xilinx/Vivado/2017.4/common/technology/xilinx/interface/XilEDKCoreGen.gen 
Command           ap_source returned 0; 0.01 sec.
Execute           source /tools/xilinx/Vivado/2017.4/common/technology/xilinx/ip/dds_compiler.gen 
Command           ap_source returned 0; 0.01 sec.
Execute           source /tools/xilinx/Vivado/2017.4/common/technology/xilinx/ip/util.gen 
Command           ap_source returned 0; 0 sec.
Execute           source /tools/xilinx/Vivado/2017.4/common/technology/xilinx/ip/xfft.gen 
Command           ap_source returned 0; 0.09 sec.
Execute           source /tools/xilinx/Vivado/2017.4/common/technology/xilinx/ip/xfir.gen 
Command           ap_source returned 0; 0 sec.
Command         ap_source returned 0; 0.16 sec.
Execute         source /tools/xilinx/Vivado/2017.4/common/technology/xilinx/common/dsp48.gen 
Command         ap_source returned 0; 0.01 sec.
Command       ap_source returned 0; 0.17 sec.
Command     ap_source returned 0; 0.17 sec.
Execute     open_platform DefaultPlatform 
Command     open_platform returned 0; 0 sec.
Execute     import_lib /tools/xilinx/Vivado/2017.4/common/technology/xilinx/virtexuplus/virtexuplus_fpv7 
Execute       source /tools/xilinx/Vivado/2017.4/common/technology/xilinx/common/xilinx_fpv7.lib 
Execute         source /tools/xilinx/Vivado/2017.4/common/technology/xilinx/common/xilinx_hp.lib 
Command         ap_source returned 0; 0.01 sec.
Command       ap_source returned 0; 0.01 sec.
Execute       source /tools/xilinx/Vivado/2017.4/common/technology/xilinx/common/xilinx_fpv.hlp 
Execute         source /tools/xilinx/Vivado/2017.4/common/technology/xilinx/common/xilinx.hlp 
Execute           source /tools/xilinx/Vivado/2017.4/common/technology/xilinx/common/target_info.tcl 
Command           ap_source returned 0; 0.01 sec.
Execute           source /tools/xilinx/Vivado/2017.4/common/technology/xilinx/interface/xilinx_interface.hlp 
Execute             source /tools/xilinx/Vivado/2017.4/common/technology/xilinx/interface/maxi.hlp 
Command             ap_source returned 0; 0 sec.
Execute             source /tools/xilinx/Vivado/2017.4/common/technology/xilinx/interface/saxilite.hlp 
Command             ap_source returned 0; 0 sec.
Command           ap_source returned 0; 0 sec.
Execute           source /tools/xilinx/Vivado/2017.4/common/technology/xilinx/common/dsp48.hlp 
Command           ap_source returned 0; 0 sec.
Command         ap_source returned 0; 0.01 sec.
Command       ap_source returned 0; 0.01 sec.
Execute       source /tools/xilinx/Vivado/2017.4/common/technology/xilinx/virtexuplus/virtexuplus_hp.hlp 
Command       ap_source returned 0; 0.01 sec.
Command     import_lib returned 0; 0.04 sec.
Execute     source /tools/xilinx/Vivado/2017.4/common/technology/xilinx/virtexuplus/virtexuplus_fpv7.gen 
Execute       source /tools/xilinx/Vivado/2017.4/common/technology/xilinx/common/xilinx_fpv6.gen 
Command       ap_source returned 0; 0 sec.
Command     ap_source returned 0; 0.01 sec.
Execute     set_part xcvu9p-flgb2104-2-i 
Execute       add_library xilinx/virtexuplus/virtexuplus:xcvu9p:-flgb2104:-2-i 
Execute         get_default_platform 
Command         get_default_platform returned 0; 0 sec.
Execute         license_isbetapart xcvu9p 
Command         license_isbetapart returned 1; 0.01 sec.
Execute         get_default_platform 
Command         get_default_platform returned 0; 0 sec.
Execute         config_chip_info -quiet -resource  {SLICE 147780} {LUT 1182240}   {FF 2364480} {DSP48E 6840}  {BRAM 4320} {URAM 960}  
Command         config_chip_info returned 0; 0 sec.
Execute         config_chip_info -quiet -speed medium 
Command         config_chip_info returned 0; 0 sec.
Command       add_library returned 0; 0.11 sec.
Execute       add_library xilinx/virtexuplus/virtexuplus_fpv7 
Execute         get_default_platform 
Command         get_default_platform returned 0; 0 sec.
Command       add_library returned 0; 0.1 sec.
INFO: [HLS 200-10] Setting target device to 'xcvu9p-flgb2104-2-i'
Execute       get_default_platform 
Command       get_default_platform returned 0; 0 sec.
Command     set_part returned 0; 0.26 sec.
Execute     get_default_platform 
Command     get_default_platform returned 0; 0 sec.
Execute     config_chip_info -quiet -resource  {SLICE 147780} {LUT 1182240}   {FF 2364480} {DSP48E 6840}  {BRAM 4320} {URAM 960}  
Command     config_chip_info returned 0; 0 sec.
Execute     config_chip_info -quiet -speed medium 
Command     config_chip_info returned 0; 0 sec.
Command   open_solution returned 0; 0.77 sec.
Execute   csim_design -setup -clean -compiler gcc -quiet 
INFO: [SIM 211-2] *************** CSIM start ***************
INFO: [SIM 211-4] CSIM will launch GCC as the compiler.
Execute     is_encrypted /home/usman/Desktop/LSTM_HLS/main.cpp 
Command     is_encrypted returned 0; 0 sec.
Execute     is_xip /home/usman/Desktop/LSTM_HLS/main.cpp 
Command     is_xip returned 0; 0 sec.
Execute     is_encrypted /home/usman/Desktop/LSTM_HLS/lstm_hls.h 
Command     is_encrypted returned 0; 0 sec.
Execute     is_xip /home/usman/Desktop/LSTM_HLS/lstm_hls.h 
Command     is_xip returned 0; 0 sec.
Execute     is_encrypted /home/usman/Desktop/LSTM_HLS/lstm_sensor.cpp 
Command     is_encrypted returned 0; 0 sec.
Execute     is_xip /home/usman/Desktop/LSTM_HLS/lstm_sensor.cpp 
Command     is_xip returned 0; 0 sec.
Execute     is_encrypted /home/usman/Desktop/LSTM_HLS/params.h 
Command     is_encrypted returned 0; 0 sec.
Execute     is_xip /home/usman/Desktop/LSTM_HLS/params.h 
Command     is_xip returned 0; 0 sec.
Execute     get_default_platform 
Command     get_default_platform returned 0; 0 sec.
INFO: [SIM 211-1] CSim file generation done with 0 errors.
INFO: [SIM 211-3] *************** CSIM finish ***************
Command   csim_design returned 0; 5.2 sec.
Command ap_source returned 0; 5.97 sec.
Execute cleanup_all 
Command cleanup_all returned 0; 0 sec.
